Exporter version: 2.80.1, Blender version: 2.93.0
========= Conversion from Blender to Babylon.js =========
	Scene settings used :
		Inline textures     :  false
		Material Type       :  PBR
		Positions Precision :  4
		Normals Precision   :  3
		UVs Precision       :  3
		Vert Color Precision:  3
		Mat Weight Precision:  2
		Keep Z-up r-handed  :  no
		Texture directory   :  C:\Users\vinic\Documents\FACENS\7 Semestre\Computação Gráfica II\EXERCÍCIOS\AF\RubeGoldbergMachine\models\
	Python World class constructor completed
	WARNING: No active camera has been assigned, or is not in a currently selected Blender layer
	processing begun of mesh:  3d-model.004
		processing begun of material:  wire_229166215.001
		Custom split normals with tangents being used
		num positions      :  467
		num normals        :  467
		num tangents       :  1868
		num uvs            :  934
		num uvs2           :  0
		num colors         :  0
		num triangles      :  387
========= Writing of JSON file started =========
	writing mesh:  3d-model.004
========= Writing of JSON file completed =========
========= end of processing =========
elapsed time:  0 min, 0.2564 secs
