Exporter version: 2.80.1, Blender version: 2.93.0
========= Conversion from Blender to Babylon.js =========
	Scene settings used :
		Inline textures     :  false
		Material Type       :  PBR
		Positions Precision :  4
		Normals Precision   :  3
		UVs Precision       :  3
		Vert Color Precision:  3
		Mat Weight Precision:  2
		Keep Z-up r-handed  :  no
		Texture directory   :  C:\Users\franc\OneDrive\Área de Trabalho\glauco\RubeGoldbergMachine\models\
	Python World class constructor completed
	processing begun of camera (UniversalCamera):  Camera
	processing begun of mesh:  3d-model.001
		processing begun of material:  skp_front_default
		Custom split normals with tangents being used
		num positions      :  6063
		num normals        :  6063
		num tangents       :  24252
		num uvs            :  12126
		num uvs2           :  0
		num colors         :  0
		num triangles      :  7737
	processing begun of light (POINT):  Light
========= Writing of JSON file started =========
	writing mesh:  3d-model.001
========= Writing of JSON file completed =========
========= end of processing =========
elapsed time:  0 min, 0.8307 secs
