Exporter version: 2.80.1, Blender version: 2.93.0
========= Conversion from Blender to Babylon.js =========
	Scene settings used :
		Inline textures     :  false
		Material Type       :  PBR
		Positions Precision :  4
		Normals Precision   :  3
		UVs Precision       :  3
		Vert Color Precision:  3
		Mat Weight Precision:  2
		Keep Z-up r-handed  :  no
		Texture directory   :  C:\Users\vinic\Documents\FACENS\7 Semestre\Computação Gráfica II\EXERCÍCIOS\AF\RubeGoldbergMachine\RubeGoldbergMachine\models\
	Python World class constructor completed
	WARNING: No active camera has been assigned, or is not in a currently selected Blender layer
	processing begun of mesh:  pirate_ship_Cylinder.002
		processing begun of material:  Material.001
		processing begun of material:  Material.005
		processing begun of material:  Material.002
		processing begun of material:  Material.003
		processing begun of material:  Material.004
		processing begun of material:  Material.006
		processing begun of material:  Material.007
		processing begun of material:  Material.008
		processing begun of material:  Material.009
		processing begun of multimaterial:  ship.Multimaterial#0
		Custom split normals with tangents being used
		num positions      :  30601
		num normals        :  30601
		num tangents       :  122404
		num uvs            :  61202
		num uvs2           :  0
		num colors         :  0
		num triangles      :  12452
========= Writing of JSON file started =========
	writing mesh:  pirate_ship_Cylinder.002
========= Writing of JSON file completed =========
========= end of processing =========
elapsed time:  0 min, 1.7839 secs
