Exporter version: 2.80.1, Blender version: 2.93.0
========= Conversion from Blender to Babylon.js =========
	Scene settings used :
		Inline textures     :  false
		Material Type       :  PBR
		Positions Precision :  4
		Normals Precision   :  3
		UVs Precision       :  3
		Vert Color Precision:  3
		Mat Weight Precision:  2
		Keep Z-up r-handed  :  no
		Texture directory   :  C:\Users\vinic\Documents\FACENS\7 Semestre\Computação Gráfica II\EXERCÍCIOS\AF\RubeGoldbergMachine\models\
	Python World class constructor completed
	WARNING: No active camera has been assigned, or is not in a currently selected Blender layer
	processing begun of mesh:  3d-model
		WARNING: No materials have been assigned: 
		num positions      :  25330
		num normals        :  25330
		num tangents       :  0
		num uvs            :  0
		num uvs2           :  0
		num colors         :  0
		num triangles      :  9305
========= Writing of JSON file started =========
	writing mesh:  3d-model
========= Writing of JSON file completed =========
========= end of processing =========
elapsed time:  0 min, 1.0099 secs
